0 0 0 1 1  0 0 0 
0.001 -2.459246507212394e-07 -0.001995033468872149 0.9999980024856308 1.000000000000018 0 3577 57.29044834307992 
0.002 -3.894803985633739e-06 -0.003960601483491985 0.9999920395463202 1.000000000000068 0 4104 72.77972709551656 
0.003 -1.938670180183198e-05 -0.005868849447417279 0.9999821983602774 1.000000000000104 0 4630 88.60038986354776 
0.004 -5.985064990421245e-05 -0.007694887499136996 0.999968619042498 1.000000000000133 0 5179 104.4307992202729 
0.005 -0.0001418280416207271 -0.00941768553870591 0.9999514877315685 1.000000000000115 0 5782 120.4892787524366 
0.006 -0.0002837153650427038 -0.01102040339813458 0.9999310284429468 1.000000000000041 0 6402 136.6764132553606 
0.007 -0.0005040961824068227 -0.01249016297761006 0.9999074948304529 1.000000000000006 0 6996 153.0779727095517 
0.008 -0.0008201166957372157 -0.0138173728687458 0.9998811628764069 1.000000000000005 0 7586 169.5614035087719 
0.009000000000000001 -0.00124602432785898 -0.014994789481597 0.9998523252309531 0.9999999999999931 0 8148 186.1578947368421 
0.01 -0.00179194803098303 -0.01601653048780015 0.9998212875131569 0.999999999999997 0 8707 202.8050682261209 
0.011 -0.002462964433841362 -0.01687724557102526 0.9997883664589292 0.9999999999999959 0 9274 219.4502923976608 
0.012 -0.00325847211915226 -0.01757160358270175 0.9997538894325111 0.9999999999999939 0 9844 236.1461988304094 
0.013 -0.004171887450809555 -0.01809418666584216 0.9997181945653102 1.000000000000009 0 10387 252.9610136452242 
0.014 -0.005190674267366396 -0.01843980453187576 0.9996816306820578 1.000000000000004 0 10931 269.775828460039 
0.015 -0.006296718665198189 -0.01860416853723043 0.9996445562232115 0.9999999999999979 0 11474 286.6276803118909 
0.016 -0.007467051858093605 -0.01858480580249665 0.99960733655515 1.000000000000012 0 12033 303.5107212475634 
0.017 -0.00867490484189494 -0.0183820557329078 0.9995703393415891 0.9999999999999973 0 12547 320.3820662768031 
0.018 -0.009891049007910586 -0.0179999791245152 0.9995339279817319 1.000000000000011 0 13082 337.2436647173489 
0.019 -0.01108534204591375 -0.01744702427542812 0.9994984534493735 1.000000000000012 0 13586 354.093567251462 
0.02 -0.01222836637019253 -0.01673633212147458 0.9994642451456045 0.999999999999994 0 14099 370.9259259259259 
0.021 -0.01329302623317791 -0.01588561679338153 0.9994316015601424 0.9999999999999798 0 14616 387.7582846003899 
0.022 -0.01425596595576255 -0.01491661987164933 0.9994007816027195 0.9999999999999941 0 15142 404.5847953216374 
0.023 -0.0150986877428101 -0.01385419565156771 0.9993719974088493 0.9999999999999911 0 15661 421.4054580896686 
0.024 -0.01580828130789544 -0.01272513147619717 0.9993454092605122 0.9999999999999898 0 16190 438.2202729044834 
0.025 -0.01637772308294756 -0.01155683499076262 0.9993211230221926 1.000000000000004 0 16714 455.0506822612086 
0.026 -0.01680575196292907 -0.01037602632489307 0.9992991902199096 0.9999999999999927 0 17237 471.9025341130604 
0.027 -0.01709637300229247 -0.009207559231400753 0.9992796106257065 1.000000000000006 0 17755 488.7972709551657 
0.028 -0.01725807362614992 -0.008073466026079648 0.9992623369885606 0.9999999999999941 0 18289 505.719298245614 
0.029 -0.01730285507960479 -0.006992283655637332 0.9992472814009065 0.9999999999999758 0 18819 522.6647173489279 
0.03 -0.0172451845913208 -0.005978679485876664 0.9992343227131203 0.9999999999999744 0 19336 539.6374269005848 
0.031 -0.01710096338484502 -0.005043361383299967 0.9992233144071224 0.9999999999999487 0 19862 556.6159844054581 
0.032 -0.01688658626598311 -0.004193231241334327 0.9992140923982626 0.9999999999999867 0 20379 573.6471734892788 
0.033 -0.01661814464383679 -0.003431725868753616 0.999206482332147 0.9999999999999539 0 20876 590.6939571150098 
0.034 -0.01631080069214112 -0.002759283712426432 0.9992003060644623 0.9999999999999837 0 21380 607.7777777777778 
0.035 -0.01597833907163113 -0.002173878455289097 0.9991953871302141 0.9999999999999926 0 21879 624.9025341130605 
0.036 -0.01563288607847878 -0.001671568655299151 0.9991915551229119 0.9999999999999765 0 22380 642.0350877192982 
0.037 -0.0152847749171903 -0.001247023752928864 0.9991886489921734 0.9999999999999827 0 22882 659.1832358674463 
0.038 -0.01494252975895552 -0.0008939988051630509 0.9991865193368866 1.000000000000002 0 23389 676.3235867446393 
0.039 -0.0146129394924172 -0.000605741590879039 0.9991850298148162 1.000000000000004 0 23876 693.458089668616 
0.04 -0.01430119347978636 -0.0003753252684293236 0.999184057811998 0.9999999999999996 0 24357 710.6003898635478 
0.041 -0.01401105505126258 -0.0001959070931683828 0.999183494521211 0.9999999999999557 0 24839 727.7095516569201 
0.042 -0.01374505290567434 -6.09187819351424e-05 0.9991832445728527 0.9999999999999774 0 25329 744.7933723196882 
0.043 -0.01350467526534072 3.580282283474855e-05 0.9991832253459182 0.9999999999999968 0 25815 761.8713450292398 
0.044 -0.01329055603634693 9.993471451252333e-05 0.9991833660695176 0.9999999999999962 0 26290 778.925925925926 
0.045 -0.01310264604001189 0.0001366260457088442 0.9991836068031429 1.000000000000004 0 26773 795.9317738791423 
0.046 -0.01294036546896358 0.0001504862044788988 0.9991838973647489 0.9999999999999896 0 27248 812.9044834307992 
0.047 -0.01280273606234433 0.0001455941983018031 0.9991841962577652 0.9999999999999553 0 27727 829.8557504873295 
