0 0 0 1 1  0 0 0 
0.001 -1.360542131520301e-08 -0.001999262811229853 0.9999980003686733 1.000000000000028 0 3570 52.97270955165692 
0.002 -2.172598514992132e-07 -0.003994110275708602 0.9999920058931798 0.999999999999997 0 4080 66.54970760233918 
0.003 -1.096292029751712e-06 -0.005980165837613649 0.9999820297905755 1.000000000000058 0 4590 80.32358674463937 
0.004 -3.449048954311472e-06 -0.007953129523661347 0.9999680939602802 1.000000000000027 0 5102 94.26510721247563 
0.005 -8.371393545817835e-06 -0.009908813804711879 0.9999502287952993 1.000000000000036 0 5616 108.2124756335283 
0.006 -1.723558603162338e-05 -0.01184317664769194 0.9999284729232645 1.000000000000049 0 6137 122.1345029239766 
0.007 -3.166410529734052e-05 -0.01375235100399712 0.9999028728854977 1.000000000000058 0 6656 136.1091617933723 
0.008 -5.349908634658246e-05 -0.01563267011644691 0.9998734827609551 1.000000000000035 0 7179 150.1111111111111 
0.009000000000000001 -8.476814477746803e-05 -0.01748068819478146 0.9998403637442379 1.000000000000008 0 7708 164.1286549707602 
0.01 -0.0001276474237027342 -0.01929319617465471 0.9998035836870179 1.000000000000004 0 8239 178.1481481481482 
0.011 -0.0001844227345930942 -0.0210672324618958 0.9997632166129348 1.000000000000002 0 8782 192.1578947368421 
0.012 -0.0002574496717712212 -0.02280008872612775 0.9997193422161532 1.000000000000007 0 9323 206.1676413255361 
0.013 -0.0003491135567289758 -0.02448931097757085 0.9996720453529198 0.9999999999999903 0 9881 220.1851851851852 
0.014 -0.000461790025937504 -0.02613269629383567 0.9996214155355923 0.9999999999999994 0 10451 234.2378167641326 
0.015 -0.0005978070078137383 -0.027728285684747 0.9995675464368622 0.999999999999987 0 11024 248.3372319688109 
0.016 -0.0007594087530076415 -0.02927435366837685 0.9995105354119903 0.9999999999999828 0 11594 262.4736842105263 
0.017 -0.000948722487112439 -0.03076939519191203 0.9994504830443557 0.9999999999999656 0 12160 276.6237816764133 
0.018 -0.001167728152734533 -0.0322121105596779 0.9993874927195058 0.9999999999999774 0 12696 290.7894736842105 
0.019 -0.00141823160341201 -0.03360138903012874 0.9993216702305552 0.9999999999999983 0 13235 304.9649122807018 
0.02 -0.001701841506725651 -0.03493629171963006 0.9992531234173359 0.9999999999999796 0 13767 319.1617933723197 
0.021 -0.00201995011391729 -0.0362160344014938 0.9991819618400301 0.9999999999999551 0 14290 333.3781676413255 
0.022 -0.002373717958869482 -0.03743997072544136 0.999108296486692 0.999999999999994 0 14814 347.6023391812865 
0.023 -0.002764062464445324 -0.03860757630276028 0.9990322395133745 0.9999999999999859 0 15337 361.8187134502924 
0.024 -0.003191650357038891 -0.03971843401714278 0.9989539040154561 0.999999999999966 0 15862 376.0409356725146 
0.025 -0.003656893727273569 -0.04077222083198736 0.9988734038264345 1.000000000000005 0 16384 390.2904483430799 
0.026 -0.004159949517809619 -0.04176869627496888 0.9987908533413388 0.9999999999999679 0 16904 404.551656920078 
0.027 -0.004700722177493997 -0.04270769269827643 0.9987063673620943 0.9999999999999665 0 17427 418.8284600389863 
0.028 -0.005278869187118362 -0.04358910733604604 0.9986200609597329 0.9999999999999778 0 17944 433.1208576998051 
0.029 -0.005893809138365599 -0.04441289611429348 0.9985320493512492 1.000000000000003 0 18467 447.4191033138401 
0.03 -0.006544732034288231 -0.04517906911343 0.9984424477869694 0.9999999999999971 0 18979 461.7329434697856 
0.031 -0.007230611472042003 -0.04588768754172133 0.9983513714456124 0.9999999999999876 0 19495 476.0565302144249 
0.032 -0.007950218371912504 -0.04653886204634491 0.9982589353338466 0.999999999999987 0 20012 490.3723196881091 
0.033 -0.008702135923503787 -0.04713275217022628 0.998165254188107 0.9999999999999715 0 20530 504.6900584795322 
0.034 -0.009484775435204741 -0.04766956675415207 0.9980704423765702 0.9999999999998944 0 21042 519.0116959064327 
0.035 -0.01029639279108588 -0.04814956508509851 0.9979746137997674 0.9999999999999665 0 21561 533.3411306042885 
0.036 -0.01113510524376646 -0.0485730585980509 0.9978778817874285 0.999999999999989 0 22082 547.6744639376218 
0.037 -0.01199890829780686 -0.04894041295545552 0.9977803589927767 0.9999999999999922 0 22601 562.0077972709552 
0.038 -0.01288569246713151 -0.04925205034354799 0.9976821572815636 0.9999999999999828 0 23132 576.3333333333334 
0.039 -0.01379325972068935 -0.04950845184801417 0.9975833876166533 0.9999999999999618 0 23648 590.6530214424952 
0.04 -0.0147193394623466 -0.04971015979092263 0.9974841599379412 0.999999999999982 0 24176 604.9493177387915 
0.041 -0.01566160392117084 -0.04985777993322393 0.997384583037466 0.9999999999999815 0 24697 619.2475633528265 
0.042 -0.01661768285940362 -0.04995198346557773 0.9972847644307302 0.9999999999999827 0 25221 633.5360623781677 
0.043 -0.01758517753287011 -0.04999350872971937 0.9971848102239378 0.9999999999999909 0 25747 647.8187134502924 
0.044 -0.018561673865135 -0.04998316262535801 0.997084824978223 0.9999999999999792 0 26269 662.0857699805068 
0.045 -0.01954475482005214 -0.04992182167117368 0.9969849115714988 0.999999999999973 0 26787 676.3411306042885 
0.046 -0.02053201197607177 -0.04981043269728771 0.9968851710583829 0.9999999999999669 0 27308 690.5945419103314 
0.047 -0.0215210563221947 -0.04965001315304483 0.9967857025292485 0.9999999999999687 0 27823 704.8538011695906 
0.048 -0.02250952830739621 -0.04944165101859541 0.9966866029689765 0.9999999999999719 0 28368 719.1150097465887 
0.049 -0.02349510718337845 -0.04918650431093544 0.9965879671163559 0.9999999999999931 0 28913 733.3957115009747 
0.05 -0.02447551968470479 -0.04888580017629785 0.9964898873247537 0.9999999999999752 0 29448 747.7017543859649 
0.051 -0.02544854809156726 -0.04854083356156517 0.9963924534253203 0.999999999999999 0 29988 762.0038986354775 
0.052 -0.02641203771788965 -0.0481529654569549 0.9962957525927936 0.9999999999999877 0 30525 776.3255360623782 
0.053 -0.02736390386294675 -0.04772362070356941 0.9961998692158155 1.000000000000005 0 31064 790.6686159844055 
0.054 -0.02830213825738432 -0.04725428535975269 0.9961048847715366 0.9999999999999846 0 31603 805.0253411306043 
0.055 -0.02922481502668773 -0.04674650362334504 0.9960108777063843 0.9999999999999738 0 32122 819.401559454191 
0.056 -0.03013009618567488 -0.04620187430876636 0.9959179233231239 0.9999999999999787 0 32644 833.7524366471735 
0.057 -0.03101623666883158 -0.04562204688445975 0.9958260936754859 0.9999999999999564 0 33161 848.1111111111111 
0.058 -0.03188158889184665 -0.04500871708055668 0.9957354574713632 0.9999999999999859 0 33679 862.4736842105264 
0.059 -0.03272460683263387 -0.04436362208436011 0.9956460799847272 0.9999999999999795 0 34219 876.8343079922028 
0.06 -0.03354384961330593 -0.04368853534858173 0.9955580229781414 0.9999999999999761 0 34741 891.1968810916179 
0.061 -0.03433798455994366 -0.04298526104632357 0.9954713446355631 0.9999999999999899 0 35257 905.5672514619883 
0.062 -0.03510578971473827 -0.0422556282143399 0.9953860995066673 0.999999999999949 0 35783 919.9356725146199 
0.063 -0.0358461557745079 -0.04150148463558172 0.995302338463479 1 0 36296 934.3060428849902 
0.064 -0.0365580874313672 -0.04072469051869716 0.995220108668655 0.999999999999986 0 36809 948.6647173489279 
0.065 -0.03724070409511351 -0.03992711203939005 0.9951394535575842 0.999999999999942 0 37324 963.0058479532164 
0.066 -0.0378932399828025 -0.03911061481404627 0.9950604128327853 0.9999999999999151 0 37839 977.3352826510721 
0.067 -0.03851504356847361 -0.0382770573790386 0.9949830224715331 0.9999999999999416 0 38361 991.6647173489279 
0.068 -0.03910557639388563 -0.03742828475165535 0.9949073147463565 0.9999999999999333 0 38882 1005.98440545809 
0.06900000000000001 -0.03966441125171096 -0.03656612214803034 0.9948333182586881 0.9999999999999714 0 39392 1020.302144249513 
0.07000000000000001 -0.04019122976124737 -0.0356923689312178 0.9947610579841916 0.9999999999999301 0 39909 1034.614035087719 
0.07100000000000001 -0.04068581936774963 -0.03480879285861761 0.9946905553307329 0.9999999999999283 0 40425 1048.933723196881 
0.07200000000000001 -0.0411480698051408 -0.03391712469160356 0.99462182820669 0.9999999999999939 0 40935 1063.249512670565 
0.073 -0.04157796907092443 -0.0330190532223426 0.9945548910999378 0.9999999999999905 0 41447 1077.563352826511 
0.074 -0.04197559896922227 -0.0321162207641421 0.994489755166739 0.9999999999999877 0 41966 1091.877192982456 
0.075 -0.04234113028472959 -0.03121021914063947 0.9944264283284656 0.9999999999999258 0 42482 1106.200779727096 
0.076 -0.04267481765385589 -0.03030258619897417 0.9943649153764913 0.9999999999999581 0 42992 1120.526315789474 
0.077 -0.04297699420286195 -0.02939480286020408 0.9943052180827313 0.9999999999999853 0 43506 1134.857699805068 
0.078 -0.043248066023237 -0.02848829070941203 0.9942473353162873 0.9999999999999629 0 44017 1149.181286549708 
0.079 -0.04348850655397123 -0.0275844101166682 0.9941912631641409 0.9999999999999524 0 44536 1163.499025341131 
0.08 -0.04369885093772045 -0.02668445887036806 0.9941369950549137 0.9999999999999958 0 45061 1177.803118908382 
0.081 -0.0438796904136102 -0.02578967129507759 0.9940845218848636 0.9999999999999987 0 45573 1192.107212475634 
0.082 -0.04403166680437256 -0.02490121781840349 0.9940338321455263 0.9999999999999296 0 46086 1206.411306042885 
0.083 -0.04415546714875643 -0.02402020494535019 0.9939849120517152 0.9999999999999399 0 46604 1220.713450292398 
0.08400000000000001 -0.04425181852242917 -0.0231476755930755 0.9939377456686932 0.9999999999999676 0 47114 1235.009746588694 
0.08500000000000001 -0.04432148308359267 -0.0222846097375093 0.9938923150390051 0.9999999999999976 0 47623 1249.300194931774 
0.08600000000000001 -0.04436525337014895 -0.02143192532018414 0.9938486003073635 0.9999999999999252 0 48139 1263.582846003899 
0.08700000000000001 -0.04438394786813279 -0.02059047936519797 0.9938065798439994 0.9999999999999363 0 48653 1277.847953216374 
0.08799999999999999 -0.04437840686251388 -0.01976106925747516 0.9937662303646974 0.9999999999999526 0 49165 1292.11306042885 
0.089 -0.04434948857433946 -0.01894443413627656 0.9937275270490037 0.9999999999999357 0 49676 1306.374269005848 
0.09 -0.04429806558128888 -0.01814125636312425 0.9936904436553171 0.9999999999999624 0 50194 1320.637426900585 
0.091 -0.0442250215130808 -0.01735216302711056 0.9936549526327072 0.9999999999999657 0 50705 1334.904483430799 
0.092 -0.04413124800807925 -0.01657772745767359 0.99362102523014 0.9999999999999543 0 51216 1349.171539961014 
0.093 -0.04401764191336757 -0.01581847072020693 0.9935886316024768 0.999999999999974 0 51728 1363.442495126706 
0.094 -0.04388510270851995 -0.01507486307690176 0.9935577409134099 0.9999999999999915 0 52240 1377.715399610137 
0.095 -0.04373453013066649 -0.01434732540127675 0.9935283214357175 0.9999999999999615 0 52760 1391.986354775828 
0.096 -0.04356682197866196 -0.01363623054108 0.9935003406487843 0.9999999999999465 0 53275 1406.263157894737 
0.097 -0.04338287207383421 -0.01294190462978022 0.9934737653332075 0.9999999999999843 0 53790 1420.536062378168 
0.098 -0.04318356835628914 -0.01226462835179118 0.9934485616627753 0.9999999999999152 0 54302 1434.795321637427 
0.099 -0.04296979109783615 -0.01160463817082879 0.9934246952947121 0.999999999999966 0 54818 1449.058479532164 
0.1 -0.04274241121414495 -0.01096212753398062 0.9934021314561101 0.9999999999999363 0 55343 1463.313840155945 
0.101 -0.04250228866307933 -0.01033724806639816 0.9933808350295145 0.9999999999999637 0 55866 1477.569200779727 
0.102 -0.04225027091786566 -0.00973011077301353 0.9933607706348702 0.9999999999999907 0 56395 1491.820662768031 
0.103 -0.04198719150808296 -0.009140787263777417 0.9933419027097281 0.9999999999999946 0 56906 1506.068226120858 
0.104 -0.0417138686241015 -0.008569311018923033 0.9933241955868044 0.9999999999999922 0 57426 1520.311890838207 
0.105 -0.04143110378369357 -0.00801567870889678 0.9933076135688921 0.9999999999999933 0 57936 1534.555555555556 
0.106 -0.04113968056271094 -0.007479851581885208 0.9932921210010679 0.9999999999999778 0 58441 1548.793372319688 
0.107 -0.04084036339368723 -0.006961756929010243 0.9932776823401954 0.9999999999999988 0 58956 1563.027290448343 
0.108 -0.04053389643814614 -0.00646128963443309 0.9932642622210716 0.9999999999999508 0 59464 1577.263157894737 
0.109 -0.04022100254006189 -0.005978313813667383 0.9932518255200301 0.9999999999999929 0 59968 1591.497076023392 
0.11 -0.039902382268706 -0.00551266454036167 0.9932403374142442 1.000000000000007 0 60470 1605.72514619883 
0.111 -0.03957871305925958 -0.005064149657617763 0.9932297634383677 0.9999999999999639 0 60978 1619.955165692008 
0.112 -0.03925064845955806 -0.004632551667022418 0.9932200695371287 0.9999999999999497 0 61483 1634.191033138402 
0.113 -0.03891881749061728 -0.00421762968429901 0.993211222113916 0.9999999999999739 0 61990 1648.424951267056 
0.114 -0.03858382412776915 -0.003819121448882387 0.9932031880755181 0.9999999999999749 0 62492 1662.66081871345 
0.115 -0.03824624690701434 -0.003436745371008477 0.9931959348729941 0.9999999999999685 0 62999 1676.900584795322 
0.116 -0.03790663866043614 -0.00307020259851958 0.9931894305381253 0.9999999999999077 0 63516 1691.136452241715 
0.117 -0.03756552638188201 -0.002719179084284807 0.9931836437161753 0.9999999999999772 0 64018 1705.393762183236 
0.118 -0.03722341122220692 -0.002383347633971062 0.9931785436935977 0.9999999999999784 0 64522 1719.647173489279 
0.119 -0.03688076861139952 -0.002062369914001713 0.993174100422985 0.9999999999999931 0 65028 1733.900584795322 
0.12 -0.03653804850266452 -0.001755898399726127 0.9931702845430167 1.000000000000007 0 65532 1748.155945419103 
0.121 -0.0361956757316153 -0.00146357824499969 0.9931670673949954 0.9999999999999589 0 66031 1762.413255360624 
0.122 -0.03585405048195673 -0.001185049055725839 0.993164421035945 0.9999999999999801 0 66533 1776.668615984406 
0.123 -0.03551354884727648 -0.0009199465518870208 0.9931623182476108 0.9999999999999826 0 67038 1790.927875243665 
