0 0 0 1 1  0 0 0 
0.001 -3.691606692761214e-09 -0.001999506435924119 0.9999980002468025 1.000000000000004 0 3570 49.21442495126706 
0.002 -5.902380362351161e-08 -0.003996054253233149 0.99999200394698 1.000000000000004 0 4080 61.20272904483431 
0.003 -2.98443100062606e-07 -0.005986698696696604 0.9999820199660412 1.00000000000006 0 4590 73.19688109161794 
0.004 -9.416146337803732e-07 -0.007968522594510658 0.9999680630335999 1.000000000000135 0 5100 85.2066276803119 
0.005 -2.293815437784118e-06 -0.009938649818181424 0.999950153674825 1.000000000000238 0 5611 97.22612085769981 
0.006 -4.743709280647474e-06 -0.01189425834374332 0.9999283181151167 1.00000000000032 0 6122 109.2553606237817 
0.007 -8.760525978875057e-06 -0.0138325927916734 0.9999025881593676 1.000000000000374 0 6633 121.2884990253411 
0.008 -1.489067515783449e-05 -0.01575097632954808 0.9998730010465442 1.000000000000337 0 7151 133.3333333333333 
0.009000000000000001 -2.375382948759275e-05 -0.01764682182622041 0.999839599281458 1.000000000000237 0 7664 145.3859649122807 
0.01 -3.60385174455399e-05 -0.01951764215839705 0.9998024304448875 1.000000000000165 0 8185 157.4561403508772 
0.011 -5.24972695592762e-05 -0.0213610595818686 0.9997615469837773 1.000000000000037 0 8703 169.5360623781676 
0.012 -7.394136740400998e-05 -0.0231748140886582 0.9997170059843604 1.000000000000008 0 9221 181.6159844054581 
0.013 -0.0001012352455271711 -0.02495677068271741 0.9996688689288181 1.000000000000004 0 9754 193.7056530214425 
0.014 -0.0001352905990290812 -0.02670492553295093 0.9996172014390923 1.000000000000017 0 10281 205.8245614035088 
0.015 -0.0001770602531321105 -0.02841741094981786 0.9995620730093803 1.000000000000024 0 10800 217.9688109161793 
0.016 -0.0002275318480317807 -0.03009249917344575 0.9995035567298564 1.000000000000001 0 11320 230.1208576998051 
0.017 -0.0002877213945141242 -0.0317286049576085 0.9994417290041369 1.000000000000029 0 11875 242.2826510721248 
0.018 -0.0003586667547575654 -0.03332428695380028 0.9993766692623577 0.9999999999999807 0 12409 254.5087719298245 
0.019 -0.0004414210992517164 -0.03487824791162526 0.9993084596734568 0.9999999999999987 0 12938 266.7738791423002 
0.02 -0.000537046390768646 -0.03638933372376282 0.9992371848572335 0.9999999999999782 0 13464 279.0682261208577 
0.021 -0.0006466069412398633 -0.03785653135745152 0.9991629316003376 0.9999999999999619 0 13992 291.3723196881091 
0.022 -0.0007711630851290308 -0.03927896572366422 0.9990857885769365 0.9999999999999959 0 14583 303.6920077972709 
0.023 -0.000911765008618538 -0.04065589554632414 0.9990058460766511 0.999999999999984 0 15134 316.1559454191033 
0.024 -0.001069446769156411 -0.0419867083026597 0.9989231957421441 0.9999999999999851 0 15683 328.6686159844054 
0.025 -0.001245220535908773 -0.04327091431398914 0.9988379303171486 0.9999999999999793 0 16226 341.2144249512671 
0.026 -0.001440071076256636 -0.04450814007241836 0.9987501434074578 0.9999999999999999 0 16771 353.7894736842105 
0.027 -0.001654950509296524 -0.0456981208940366 0.9986599292557101 0.999999999999998 0 17301 366.4054580896686 
0.028 -0.001890773341404463 -0.04684069299511288 0.9985673825316971 0.9999999999999822 0 17871 379.0584795321637 
0.029 -0.002148411794997682 -0.04793578508804644 0.9984725981388763 0.9999999999999853 0 18429 391.8674463937622 
0.03 -0.002428691436606457 -0.04898340959783801 0.9983756710380477 1.000000000000008 0 18976 404.7992202729045 
0.031 -0.002732387105566624 -0.04998365359909365 0.998276696088889 0.9999999999999671 0 19519 417.8362573099415 
0.032 -0.003060219141421353 -0.0509366695727727 0.9981757679101738 0.9999999999999731 0 20053 430.9902534113061 
0.033 -0.003412849903174104 -0.05184266608120517 0.9980729807578567 0.999999999999919 0 20584 444.2105263157895 
0.034 -0.003790880571370037 -0.05270189845639623 0.9979684284227174 0.9999999999999666 0 21114 457.46783625731 
0.035 -0.004194848220193751 -0.0535146595931605 0.9978622041454924 0.9999999999999765 0 21644 470.766081871345 
0.036 -0.004625223144852812 -0.05428127093497769 0.9977544005512998 1.00000000000001 0 22170 484.1033138401559 
0.037 -0.005082406427542686 -0.05500207373472802 0.997645109600993 0.9999999999999921 0 22704 497.4775828460039 
0.038 -0.005566727723754825 -0.05567742066740421 0.9975344225602647 0.9999999999999818 0 23228 510.8849902534113 
0.039 -0.006078443250195198 -0.05630766786571243 0.9974224299845987 0.999999999999922 0 23744 524.317738791423 
0.04 -0.006617733954974787 -0.05689316744350603 0.9973092217202678 1.000000000000004 0 24274 537.766081871345 
0.041 -0.007184703851094259 -0.05743426056488337 0.997194886918694 0.999999999999941 0 24788 551.2378167641325 
0.042 -0.007779378494989536 -0.05793127111071645 0.997079514065673 0.9999999999998707 0 25312 564.7212475633528 
0.043 -0.008401703592918225 -0.05838449998739222 0.9969631910213496 0.9999999999999697 0 25825 578.2007797270956 
0.044 -0.009051543719755594 -0.05879422011490546 0.9968460050708167 0.9999999999999485 0 26343 591.6569200779727 
0.045 -0.009728681136717387 -0.05916067212670481 0.9967280429854071 0.9999999999999747 0 26868 605.0838206627681 
0.046 -0.01043281469648279 -0.05948406080506632 0.9966093910902808 0.9999999999999908 0 27388 618.4990253411306 
0.047 -0.01116355882792843 -0.0597645522707739 0.9964901353392867 0.9999999999999409 0 27901 631.8986354775828 
0.048 -0.01192044259390873 -0.06000227193900603 0.9963703613946537 0.9999999999999556 0 28414 645.2982456140351 
0.049 -0.01270290882035488 -0.06019730324797098 0.9962501547093469 0.9999999999999037 0 28930 658.6803118908382 
0.05 -0.01351031329680882 -0.0603496871609495 0.9961296006122298 0.9999999999999807 0 29448 672.0584795321637 
0.051 -0.01434192405297159 -0.06045942243678722 0.9960087843921432 0.9999999999999613 0 29960 685.4230019493177 
0.052 -0.01519692071819769 -0.06052646665962823 0.9958877913821643 0.9999999999999711 0 30475 698.7816764132554 
0.053 -0.01607439397513762 -0.06055073801307673 0.9957667070397717 0.9999999999999494 0 30987 712.1247563352827 
0.054 -0.01697334512136097 -0.06053211777981973 0.9956456170235832 0.9999999999999653 0 31499 725.46783625731 
0.055 -0.01789268575648914 -0.06047045354374939 0.9955246072638221 0.9999999999999704 0 32015 738.8148148148148 
0.056 -0.01883123761503068 -0.06036556306718191 0.9954037640261365 0.9999999999999807 0 32526 752.1539961013646 
0.057 -0.01978773256803245 -0.06021723881229055 0.9952831739667765 1.000000000000001 0 33037 765.4912280701755 
0.058 -0.02076081281912779 -0.06002525307252473 0.9951629241780502 0.9999999999999915 0 33554 778.812865497076 
0.059 -0.02174903132322631 -0.05978936367540359 0.9950431022231614 0.9999999999999283 0 34066 792.1481481481482 
0.06 -0.02275085245736791 -0.05950932021586085 0.9949237961591523 0.9999999999999619 0 34577 805.4639376218323 
0.061 -0.02376465297511424 -0.05918487077602059 0.9948050945462501 0.9999999999999498 0 35135 818.7953216374269 
0.062 -0.02478872327693166 -0.05881576908379527 0.9946870864443458 0.9999999999999868 0 35671 832.1267056530214 
0.063 -0.02582126902972746 -0.05840178206028289 0.9945698613937968 1.000000000000004 0 36204 845.4600389863548 
0.064 -0.02686041316854989 -0.05794269770271308 0.9944535093814557 1.000000000000003 0 36733 858.7894736842105 
0.065 -0.02790419831363868 -0.05743833324786765 0.9943381207903115 0.9999999999999816 0 37259 872.1111111111111 
0.066 -0.02895058963460286 -0.05688854355675846 0.9942237863327033 0.9999999999999633 0 37790 885.4366471734893 
0.067 -0.02999747819270561 -0.05629322966062448 0.9941105969664421 0.9999999999999111 0 38314 898.7777777777778 
0.068 -0.03104268478955113 -0.05565234740457903 0.9939986437941072 0.9999999999999747 0 38836 912.1189083820663 
0.06900000000000001 -0.03208396434855573 -0.05496591612375905 0.9938880179441871 0.9999999999999591 0 39358 925.4697855750487 
0.07000000000000001 -0.03311901085246488 -0.05423402728423035 0.99377881043611 0.9999999999999697 0 39878 938.812865497076 
0.07100000000000001 -0.0341454628559576 -0.05345685301960414 0.9936711120268694 0.9999999999998741 0 40406 952.167641325536 
0.07200000000000001 -0.03516090958891546 -0.05263465449172506 0.9935650130419019 0.9999999999998481 0 40927 965.53216374269 
0.073 -0.03616289766063185 -0.05176779000444445 0.993460603188312 0.9999999999999334 0 41452 978.9044834307992 
0.074 -0.03714893837053821 -0.05085672279508925 0.9933579713526771 0.9999999999999198 0 41970 992.2846003898635 
0.075 -0.03811651562469297 -0.04990202843104562 0.9932572053842489 0.9999999999998701 0 42488 1005.666666666667 
0.076 -0.03906309445148852 -0.04890440173631914 0.9931583918630743 0.9999999999999176 0 43004 1019.056530214425 
0.077 -0.03998613010340501 -0.04786466317442558 0.9930616158546691 0.9999999999999427 0 43525 1032.448343079922 
0.078 -0.04088307772461399 -0.04678376461361376 0.9929669606532785 0.9999999999999825 0 44039 1045.847953216374 
0.079 -0.04175140255696923 -0.04566279440291567 0.9928745075136327 0.9999999999999888 0 44568 1059.245614035088 
0.08 -0.04258859064965657 -0.04450298168848391 0.9927843353736492 0.9999999999999422 0 45092 1072.658869395711 
0.081 -0.04339216003006559 -0.0433056999028146 0.9926965205693357 0.9999999999999797 0 45627 1086.074074074074 
0.082 -0.04415967228571215 -0.04207246936270658 0.9926111365430257 0.9999999999999631 0 46183 1099.493177387914 
0.083 -0.04488874449952833 -0.0408049589158557 0.9925282535482547 0.9999999999999305 0 46730 1112.916179337232 
0.08400000000000001 -0.0455770614732242 -0.03950498658067739 0.9924479383516966 0.9999999999999006 0 47258 1126.348927875244 
0.08500000000000001 -0.04622238816618387 -0.03817451912995621 0.992370253935154 0.999999999999969 0 47793 1139.785575048733 
0.08600000000000001 -0.04682258227034578 -0.03681567057515679 0.9922952591990388 0.9999999999999766 0 48323 1153.228070175439 
0.08700000000000001 -0.04737560683502829 -0.03543069951513114 0.9922230086708248 0.9999999999999704 0 48847 1166.676413255361 
0.08799999999999999 -0.04787954284959191 -0.03402200532177166 0.9921535522192553 0.9999999999999699 0 49377 1180.124756335283 
0.089 -0.04833260168643782 -0.03259212314301323 0.9920869347776251 0.9999999999999986 0 49895 1193.588693957115 
0.09 -0.04873313730251512 -0.03114371771377071 0.9920231960781034 0.9999999999999767 0 50427 1207.062378167641 
0.091 -0.04907965809333223 -0.02967957597479466 0.9919623703998923 0.9999999999998559 0 50949 1220.5477582846 
0.092 -0.04937083829136466 -0.02820259851091016 0.9919044863334552 0.9999999999998984 0 51468 1234.042884990253 
0.093 -0.04960552879840884 -0.0267157898302611 0.9918495665619897 0.9999999999999107 0 51992 1247.545808966862 
0.094 -0.04978276734123702 -0.02522224751858392 0.9917976276649331 0.9999999999999274 0 52514 1261.060428849903 
0.095 -0.04990178784078941 -0.02372515031384846 0.9917486799432542 0.9999999999999222 0 53034 1274.582846003899 
0.096 -0.04996202888665175 -0.02222774515824706 0.9917027272701039 0.9999999999999625 0 53550 1288.118908382066 
0.097 -0.04996314121230101 -0.02073333329721863 0.9916597669678359 0.9999999999999019 0 54075 1301.662768031189 
0.098 -0.04990499407105463 -0.01924525550604886 0.9916197897146333 0.9999999999999788 0 54589 1315.218323586745 
0.099 -0.04978768041861902 -0.01776687653666943 0.9915827794800203 0.9999999999999408 0 55103 1328.775828460039 
0.1 -0.04961152081616131 -0.01630156888784387 0.9915487134938999 0.9999999999999263 0 55626 1342.343079922027 
0.101 -0.04937706597570313 -0.01485269601246694 0.9915175622472452 0.9999999999999384 0 56142 1355.925925925926 
0.102 -0.04908509788036912 -0.01342359508510896 0.9914892895274561 0.9999999999999322 0 56662 1369.510721247563 
0.103 -0.04873662942328749 -0.01201755946169507 0.9914638524885357 0.9999999999999287 0 57183 1383.107212475634 
0.104 -0.04833290252098687 -0.0106378209703946 0.9914412017562786 0.9999999999998993 0 57705 1396.707602339181 
0.105 -0.04787538467100086 -0.009287532179005808 0.9914212815693179 0.9999999999999934 0 58228 1410.315789473684 
0.106 -0.04736576393737629 -0.007969748789209053 0.9914040299547169 0.9999999999999738 0 58744 1423.923976608187 
0.107 -0.04680594236344834 -0.006687412310868812 0.9913893789398248 0.9999999999999598 0 59260 1437.53216374269 
0.108 -0.04619802782602702 -0.005443333171366836 0.9913772547971185 0.9999999999999037 0 59777 1451.144249512671 
0.109 -0.0455443243621655 -0.004240174414931868 0.9913675783230481 0.9999999999998629 0 60290 1464.756335282651 
0.11 -0.04484732101490185 -0.003080436144725801 0.991360265148479 0.9999999999999812 0 60814 1478.376218323587 
0.111 -0.04410967926137287 -0.001966440856832935 0.9913552260789196 0.9999999999999991 0 61328 1492.001949317739 
0.112 -0.04333421910198788 -0.0009003198098537569 0.9913523674641759 0.9999999999999035 0 61847 1505.625730994152 
0.113 -0.04252390390519422 0.0001159994337821332 0.9913515915935487 0.9999999999999616 0 62363 1519.255360623782 
0.114 -0.04168182411662202 0.001080804168006919 0.9913527971138418 0.9999999999999493 0 62887 1532.884990253411 
0.115 -0.04081117995586024 0.001992606288666912 0.9913558794698333 0.9999999999999331 0 63401 1546.520467836257 
0.116 -0.03991526323598942 0.002850150521087725 0.9913607313616313 0.9999999999999304 0 63918 1560.157894736842 
0.117 -0.03899743845286433 0.003652421040117434 0.9913672432173103 0.9999999999999934 0 64439 1573.799220272904 
0.118 -0.03806112330060473 0.004398646408798841 0.9913753036768146 0.9999999999999822 0 64949 1587.446393762183 
0.119 -0.03710976877794896 0.005088302778002023 0.9913848000846508 0.9999999999999882 0 65467 1601.09746588694 
0.12 -0.03614683905626023 0.005721115307068095 0.99139561898636 0.9999999999999211 0 65987 1614.752436647173 
0.121 -0.03517579128427182 0.006297057783745747 0.9914076466269008 0.9999999999999429 0 66497 1628.413255360624 
0.122 -0.03420005550660053 0.006816350439934755 0.9914207694454836 0.9999999999999331 0 67016 1642.074074074074 
0.123 -0.03322301487364834 0.007279455979603591 0.9914348745652308 0.9999999999999387 0 67531 1655.746588693957 
0.124 -0.03224798631751612 0.007687073853103131 0.991449850272424 0.9999999999999175 0 68044 1669.426900584795 
