0 0 0 1 1  0 0 0 
0.001 -2.459246051615389e-07 -0.001995033468883942 0.9999980024856443 1.000000000000032 0 3574 57.68810916179337 
0.002 -3.894802857209729e-06 -0.003960601481012131 0.999992039546275 1.00000000000005 0 4110 72.86159844054581 
0.003 -1.93866924008672e-05 -0.005868849434208429 0.9999821983602175 1.000000000000059 0 4648 88.38401559454191 
0.004 -5.98506136877676e-05 -0.007694887461371675 0.9999686190425084 1.000000000000113 0 5191 104.0136452241715 
0.005 -0.000141827943035249 -0.009417685457634741 0.9999514877316994 1.000000000000105 0 5789 119.8499025341131 
0.006 -0.0002837151456751739 -0.01102040325463501 0.9999310284433323 1.000000000000065 0 6443 135.8362573099415 
0.007 -0.0005040957538715224 -0.01249016276325896 0.9999074948311838 1.000000000000018 0 7064 152.0896686159844 
0.008 -0.0008201159388237811 -0.01381737260885792 0.9998811628776096 1.000000000000005 0 7663 168.5497076023392 
0.009000000000000001 -0.001246023110408528 -0.01499478926532482 0.9998523252326604 1 0 8228 185.1929824561404 
0.01 -0.001791946252094135 -0.01601653048894277 0.9998212875151039 0.999999999999992 0 8794 201.9590643274854 
0.011 -0.002462962086060171 -0.01687724603547163 0.9997883664604531 0.999999999999989 0 9342 218.7719298245614 
0.012 -0.003258469339058461 -0.01757160476989682 0.9997538894324089 0.9999999999999721 0 9909 235.5925925925926 
0.013 -0.00417188452376723 -0.01809418875861134 0.999718194561943 0.9999999999999829 0 10446 252.4249512670565 
0.014 -0.005190671570119378 -0.01843980755237713 0.9996816306735854 0.9999999999999991 0 10996 269.2592592592592 
0.015 -0.006296716561046641 -0.01860417231109677 0.9996445562079096 1.000000000000004 0 11558 286.1598440545809 
0.016 -0.007467050585543432 -0.01858480999292985 0.9996073365317892 0.9999999999999892 0 12098 303.0857699805068 
0.017 -0.00867490444113256 -0.01838205993548576 0.9995703393097871 0.9999999999999928 0 12611 320.0155945419103 
0.018 -0.009891049315004802 -0.01799998298854825 0.9995339279418141 1.000000000000006 0 13120 336.9220272904483 
0.019 -0.01108534275844623 -0.01744702760696724 0.9994984534022338 0.999999999999995 0 13636 353.8070175438597 
0.02 -0.01222836716110479 -0.01673633492865377 0.9994642450923641 0.9999999999999993 0 14152 370.682261208577 
0.021 -0.01329302686915815 -0.01588561925428935 0.9994316015016735 0.9999999999999871 0 14665 387.5672514619883 
0.022 -0.0142559663711014 -0.01491662223747954 0.999400781539422 0.9999999999999595 0 15172 404.4541910331384 
0.023 -0.0150986880361369 -0.01385419812736077 0.9993719973407622 0.9999999999999856 0 15687 421.3430799220273 
0.024 -0.0158082816662194 -0.01272513413485196 0.9993454091872881 0.9999999999999838 0 16211 438.2358674463937 
0.025 -0.01637772367323983 -0.01155683775914027 0.9993211229435259 1.000000000000005 0 16726 455.1345029239766 
0.026 -0.0168057528466251 -0.01037602904220281 0.9992991901357408 1.000000000000005 0 17236 472.0428849902534 
0.027 -0.01709637411180998 -0.009207561743883971 0.9992796105362568 0.9999999999999892 0 17755 488.9551656920078 
0.028 -0.01725807480716221 -0.008073468267882192 0.9992623368944104 1.000000000000035 0 18277 505.8908382066277 
0.029 -0.01730285617046343 -0.006992285679338218 0.9992472813024618 0.9999999999999705 0 18836 522.8557504873295 
0.03 -0.0172451854967367 -0.005978681435410508 0.9992343226107617 1.000000000000003 0 19371 539.8869395711502 
0.031 -0.0171009641107012 -0.005043363431702636 0.9992233143008192 1.000000000000004 0 19897 556.953216374269 
0.032 -0.01688658690753941 -0.004193233529539212 0.9992140922876113 1.000000000000015 0 20404 574.0565302144249 
0.033 -0.01661814534534112 -0.003431728473060227 0.9992064822166246 0.9999999999999993 0 20899 591.1715399610137 
0.034 -0.01631080160672625 -0.002759286646014402 0.9992003059433697 1 0 21393 608.3138401559454 
0.035 -0.01597834034132543 -0.00217388168667741 0.9991953870029221 0.9999999999999826 0 21895 625.4697855750487 
0.036 -0.01563288783354372 -0.0016715721219163 0.9991915549889402 1 0 22404 642.6413255360624 
0.037 -0.0152847772785968 -0.001247027359211841 0.9991886488510764 0.9999999999999764 0 22894 659.8460038986354 
0.038 -0.01494253282985222 -0.0008940024129072064 0.999186519188535 0.999999999999984 0 23378 677.0389863547758 
0.039 -0.01461294333690149 -0.0006057450156105374 0.9991850296594053 0.9999999999999952 0 23861 694.2105263157895 
0.04 -0.01430119809708449 -0.0003753282914549821 0.9991840576501145 1.000000000000004 0 24343 711.3703703703703 
