0 0 0 1 1  0 0 0 
0.001 -3.471494174117426e-09 -0.001999582086436262 0.9999980002089884 1.00000000000002 0 3570 48.97855750487329 
0.002 -5.55082191420521e-08 -0.003996658713005571 0.9999920033422247 1.000000000000039 0 4080 60.92787524366472 
0.003 -2.80712035501871e-07 -0.005988734568872989 0.9999820169084169 1.000000000000004 0 4590 72.92397660818713 
0.004 -8.85870563897128e-07 -0.00797333454146463 0.9999680533885598 1.00000000000006 0 5100 84.94346978557505 
0.005 -2.158642798766076e-06 -0.009948013590508674 0.9999501301851704 1.000000000000095 0 5610 96.97465886939571 
0.006 -4.465735961324799e-06 -0.01191036635052732 0.9999282695529359 1.000000000000192 0 6122 109.0272904483431 
0.007 -8.250590141340715e-06 -0.01385803637769337 0.999902498509688 1.000000000000256 0 6632 121.1013645224172 
0.008 -1.403059206298082e-05 -0.01578872496148717 0.9998728487299009 1.000000000000258 0 7146 133.2124756335283 
0.009000000000000001 -2.239384304917254e-05 -0.017700199423817 0.9998393564208722 1.000000000000265 0 7657 145.3489278752437 
0.01 -3.399550947859412e-05 -0.01959030083701306 0.9998020621826336 1.000000000000238 0 8177 157.495126705653 
0.011 -4.95537885008172e-05 -0.02145695109666601 0.9997610108533581 1.000000000000119 0 8693 169.6179337231969 
0.012 -6.984552307481394e-05 -0.02329815929536675 0.9997162513414214 1.000000000000057 0 9211 181.7037037037037 
0.013 -9.570150400191144e-05 -0.02511202734437197 0.9996678364449187 1.00000000000001 0 9736 193.7738791423002 
0.014 -0.0001280014972040769 -0.0268967548132528 0.9996158226612324 0.9999999999999983 0 10257 205.8245614035088 
0.015 -0.0001676690371811871 -0.02865064294630579 0.9995602699874918 1.000000000000005 0 10778 217.8557504873294 
0.016 -0.0002156660265454601 -0.03037209783949964 0.9995012417139416 1.000000000000003 0 11295 229.8615984405458 
0.017 -0.0002729871835060556 -0.03205963276461287 0.9994388042117822 0.9999999999999727 0 11834 241.8401559454191 
0.018 -0.0003406543771649222 -0.03371186963568235 0.9993730267172735 0.9999999999999716 0 12368 253.8557504873294 
0.019 -0.0004197108908328607 -0.03532753962278684 0.9993039811135281 0.9999999999999586 0 12897 265.9005847953217 
0.02 -0.0005112156518979075 -0.03690548292684093 0.9992317417122861 0.999999999999997 0 13414 277.9610136452242 
0.021 -0.000616237464333686 -0.03844464773686126 0.9991563850364864 0.9999999999999789 0 13936 290.0331384015594 
0.022 -0.0007358492791251935 -0.03994408839920999 0.9990779896063299 0.9999999999999647 0 14507 302.1228070175438 
0.023 -0.0008711225336616422 -0.04140296283518865 0.9989966357291979 0.9999999999999523 0 15082 314.3216374269006 
0.024 -0.001023121590218425 -0.04282052925066343 0.998912405295772 0.9999999999999696 0 15622 326.6393762183236 
0.025 -0.001192898298819596 -0.04419614218680688 0.9988253815832485 1.00000000000002 0 16157 339.0155945419103 
0.026 -0.001381486708018209 -0.04552924796658946 0.9987356490670469 1 0 16691 351.4269005847953 
0.027 -0.001589897942617546 -0.04681937959613679 0.9986432932425283 0.9999999999999694 0 17209 363.869395711501 
0.028 -0.001819115264837251 -0.04806615118407127 0.9985484004569928 1.000000000000008 0 17734 376.3235867446394 
0.029 -0.002070089331379203 -0.049269251944635 0.9984510577531927 0.9999999999999998 0 18291 388.7875243664718 
0.03 -0.002343733655953954 -0.05042843985330821 0.9983513527257963 1.000000000000019 0 18849 401.364522417154 
0.031 -0.002640920283456039 -0.05154353502412619 0.9982493733901233 0.9999999999999997 0 19393 414.0487329434698 
0.032 -0.002962475678643852 -0.05261441288013846 0.9981452080649288 1.00000000000001 0 19927 426.8323586744639 
0.033 -0.00330917682973121 -0.05364099718656417 0.9980389452684956 0.9999999999999946 0 20462 439.6920077972709 
0.034 -0.003681747564497673 -0.05462325301804778 0.9979306736291844 0.9999999999999899 0 20998 452.6218323586745 
0.035 -0.004080855073987776 -0.05556117972804677 0.9978204818096994 0.9999999999999738 0 21534 465.6062378167641 
0.036 -0.004507106637485185 -0.05645480398792166 0.9977084584455604 0.9999999999999182 0 22058 478.6569200779727 
0.037 -0.004961046539758664 -0.05730417296019074 0.9975946920974824 0.9999999999999373 0 22582 491.7621832358674 
0.038 -0.00544315317152268 -0.0581093476689495 0.9974792712167418 0.9999999999999916 0 23102 504.8869395711501 
0.039 -0.005953836302019445 -0.05887039662525137 0.997362284124 0.9999999999999912 0 23618 518.027290448343 
0.04 -0.006493434512881161 -0.05958738976395095 0.9972438190006152 0.9999999999999785 0 24137 531.187134502924 
0.041 -0.007062212781573925 -0.06026039274311962 0.997123963891411 0.9999999999999671 0 24656 544.3664717348928 
0.042 -0.007660360203544474 -0.06088946165390319 0.9970028067186181 0.9999999999999701 0 25175 557.5555555555555 
0.043 -0.008287987842322979 -0.06147463818434093 0.9968804353059156 0.9999999999999982 0 25687 570.766081871345 
0.044 -0.008945126697967513 -0.06201594527608097 0.9967569374115671 0.9999999999999576 0 26206 583.9688109161793 
0.045 -0.009631725785315091 -0.06251338330886731 0.9966324007701659 0.9999999999999968 0 26729 597.1890838206627 
0.046 -0.01034765031528389 -0.06296692684256595 0.9965069131406105 0.9999999999999829 0 27241 610.4269005847954 
0.047 -0.01109267997369653 -0.0633765219434346 0.9963805623609613 0.999999999999991 0 27757 623.672514619883 
0.048 -0.01186650729514069 -0.06374208411433335 0.9962534364072761 0.999999999999954 0 28269 636.9317738791423 
0.049 -0.01266873613066631 -0.06406349684669728 0.9961256234566104 0.9999999999999809 0 28786 650.1890838206627 
0.05 -0.01349888021104275 -0.06434061080624218 0.995997211951565 0.999999999999966 0 29299 663.448343079922 
0.051 -0.01435636180972423 -0.06457324366021464 0.9958682906665628 0.9999999999999358 0 29811 676.672514619883 
0.052 -0.01524051051239289 -0.0647611805501344 0.9957389487733976 0.9999999999999624 0 30322 689.8771929824561 
0.053 -0.01615056210260031 -0.06490417520934783 0.9956092759051013 0.9999999999999896 0 30833 703.0701754385965 
0.054 -0.01708565757573012 -0.06500195172101055 0.9954793622172468 0.9999999999999826 0 31351 716.270955165692 
0.055 -0.01804484229619772 -0.06505420690757209 0.9953492984450292 0.99999999999997 0 31863 729.4814814814815 
0.056 -0.01902706531526122 -0.06506061333979458 0.9952191759547809 0.9999999999999643 0 32374 742.692007797271 
0.057 -0.02003117886973515 -0.06502082294846999 0.9950890867889511 0.9999999999999363 0 32892 755.9044834307992 
0.058 -0.02105593808342889 -0.06493447121903864 0.9949591237034221 0.9999999999999565 0 33403 769.1189083820663 
0.059 -0.02210000089601496 -0.06480118194534017 0.9948293801954239 0.9999999999999062 0 33917 782.3313840155945 
0.06 -0.02316192824555088 -0.06462057251451372 0.9946999505222301 0.9999999999999586 0 34427 795.551656920078 
0.061 -0.02424018453236207 -0.06439225969277459 0.9945709297076545 0.9999999999999807 0 34938 808.7680311890838 
0.062 -0.02533313839342588 -0.06411586587678982 0.9944424135375888 0.9999999999999922 0 35450 821.9805068226121 
0.063 -0.02643906381726004 -0.06379102577336168 0.994314498541938 0.9999999999999899 0 35967 835.1910331384015 
0.064 -0.0275561416296753 -0.06341739346530459 0.9941872819630522 1.000000000000001 0 36519 848.3996101364522 
0.065 -0.02868246138135382 -0.06299464981901562 0.9940608617095177 0.9999999999999661 0 37057 861.6062378167642 
0.066 -0.02981602366714635 -0.06252251018574488 0.9939353362951227 0.9999999999999529 0 37583 874.7972709551657 
0.067 -0.03095474290679177 -0.06200073234505445 0.9938108047618064 0.9999999999999614 0 38116 887.9961013645225 
0.068 -0.03209645061510109 -0.06142912463633166 0.9936873665867292 0.9999999999999629 0 38640 901.1890838206627 
0.06900000000000001 -0.0332388991882622 -0.06080755422087901 0.9935651215729331 0.9999999999999235 0 39163 914.3918128654971 
0.07000000000000001 -0.03437976622998268 -0.0601359554146273 0.993444169723486 0.9999999999999352 0 39695 927.6003898635478 
0.07100000000000001 -0.03551665943899101 -0.05941433802843937 0.9933246110985762 0.9999999999999376 0 40218 940.8206627680312 
0.07200000000000001 -0.03664712207595808 -0.05864279565124314 0.9932065456564964 1.000000000000008 0 40739 954.0214424951267 
0.073 -0.03776863902363592 -0.05782151380810542 0.9930900730775352 0.9999999999999462 0 41263 967.2202729044834 
0.074 -0.0388786434501253 -0.05695077792523025 0.9929752925726317 0.999999999999896 0 41787 980.421052631579 
0.075 -0.0399745240802902 -0.0560309810297697 0.9928623026754878 0.9999999999999477 0 42308 993.6276803118908 
0.076 -0.04105363307491735 -0.05506263111374333 0.9927512010197327 0.9999999999999476 0 42829 1006.830409356725 
0.077 -0.04211329451157254 -0.05404635808931077 0.9926420841023811 0.9999999999999153 0 43345 1020.038986354776 
0.078 -0.04315081345505128 -0.05298292026269247 0.9925350470333563 0.9999999999999504 0 43864 1033.247563352827 
0.079 -0.04416348559881834 -0.05187321025474479 0.9924301832723998 0.9999999999999639 0 44388 1046.460038986355 
0.08 -0.04514860745231601 -0.05071826029657001 0.9923275843553324 0.9999999999999668 0 44906 1059.672514619883 
0.081 -0.04610348704185811 -0.0495192468304823 0.9922273396099981 0.9999999999999661 0 45416 1072.890838206628 
0.082 -0.04702545508586893 -0.0482774943487276 0.9921295358638285 0.9999999999999242 0 45937 1086.095516569201 
0.083 -0.04791187659816067 -0.04699447840518336 0.9920342571448131 0.9999999999999737 0 46449 1099.30604288499 
0.08400000000000001 -0.04876016286554928 -0.04567182773902625 0.9919415843766781 0.9999999999999877 0 46968 1112.524366471735 
0.08500000000000001 -0.0495677837393375 -0.04431132545361673 0.9918515950714445 0.9999999999998771 0 47478 1125.736842105263 
0.08600000000000001 -0.05033228017312982 -0.0429149091990107 0.9917643630206749 0.9999999999998967 0 48046 1138.95126705653 
0.08700000000000001 -0.05105127693271676 -0.04148467031222818 0.9916799579863308 0.9999999999999244 0 48579 1152.165692007797 
0.08799999999999999 -0.05172249539811057 -0.04002285187620976 0.9915984453955731 0.9999999999998653 0 49108 1165.384015594542 
0.089 -0.05234376637131536 -0.03853184566593013 0.9915198860402168 0.9999999999997427 0 49642 1178.602339181287 
0.09 -0.05291304279875464 -0.03701418795736398 0.9914443357834545 0.9999999999998099 0 50166 1191.814814814815 
0.091 -0.05342841231261642 -0.03547255418498759 0.9913718452753207 0.9999999999998403 0 50695 1205.025341130604 
0.092 -0.05388810949184134 -0.03390975244161826 0.9913024596814756 0.9999999999999597 0 51217 1218.243664717349 
0.093 -0.05429052774017173 -0.03232871582478986 0.991236218424727 0.999999999999988 0 51739 1231.461988304094 
0.094 -0.0546342306773278 -0.03073249364459209 0.9911731549441253 0.9999999999999724 0 52260 1244.690058479532 
0.095 -0.05491796293815644 -0.02912424151733574 0.991113296472024 0.9999999999999155 0 52790 1257.927875243665 
0.096 -0.05514066027479268 -0.02750721038209157 0.9910566638323615 0.9999999999998882 0 53314 1271.181286549708 
0.097 -0.05530145885853077 -0.02588473448637044 0.991003271261751 0.9999999999998949 0 53843 1284.442495126706 
0.098 -0.05539970368031545 -0.02426021839987417 0.9909531262557295 0.9999999999999406 0 54367 1297.719298245614 
0.099 -0.0554349559527332 -0.02263712312542441 0.9909062294417402 0.9999999999998858 0 54884 1311.003898635478 
0.1 -0.05540699942158755 -0.02101895138716099 0.9908625744813434 0.9999999999999486 0 55396 1324.292397660819 
0.101 -0.05531584550091129 -0.01940923218662803 0.9908221480013678 0.9999999999999848 0 55915 1337.582846003899 
0.102 -0.05516173715308784 -0.01781150472694268 0.9907849295578632 0.9999999999999791 0 56435 1350.877192982456 
0.103 -0.05494515144478529 -0.01622930181479954 0.9907508916320551 0.9999999999999208 0 56954 1364.175438596491 
0.104 -0.05466680071825621 -0.01466613285804234 0.9907199996602102 0.9999999999999213 0 57468 1377.487329434698 
0.105 -0.05432763232907428 -0.01312546658441065 0.9906922120973727 0.9999999999998767 0 57984 1390.801169590643 
0.106 -0.05392882691339018 -0.01161071361282448 0.9906674805165342 0.9999999999999218 0 58501 1404.126705653021 
0.107 -0.05347179515937129 -0.01012520901435003 0.990645749741807 0.9999999999998721 0 59022 1417.450292397661 
0.108 -0.05295817307200835 -0.008672195003089793 0.9906269580174879 0.9999999999998919 0 59536 1430.777777777778 
0.109 -0.05238981573356275 -0.007254803900487806 0.99061103721035 0.9999999999999729 0 60055 1444.105263157895 
0.11 -0.05176878957668089 -0.005876041516336877 0.990597913046193 0.9999999999999819 0 60572 1457.440545808967 
0.111 -0.05109736320144699 -0.004538771090207663 0.9905875053793469 0.9999999999999872 0 61084 1470.779727095517 
0.112 -0.05037799678249952 -0.003245697933889548 0.9905797284930392 1.000000000000003 0 61598 1484.120857699805 
0.113 -0.0496133301266727 -0.00199935491200487 0.9905744914298575 0.9999999999999191 0 62119 1497.465886939571 
0.114 -0.04880616945572266 -0.000802088892383817 0.9905716983507659 0.9999999999999195 0 62634 1510.810916179337 
0.115 -0.04795947300250628 0.0003439517094976137 0.9905712489192507 0.9999999999999519 0 63151 1524.16179337232 
0.116 -0.04707633552196732 0.001436828176150959 0.9905730387098349 0.9999999999999202 0 63674 1537.51656920078 
0.117 -0.04615997182991743 0.002474821418109639 0.9905769596379183 0.9999999999999296 0 64190 1550.877192982456 
0.118 -0.04521369949419807 0.003456440494205167 0.9905829004073995 0.9999999999999313 0 64714 1564.24171539961 
0.119 -0.0442409208120261 0.004380429640437753 0.9905907469744648 0.9999999999999124 0 65231 1577.610136452242 
0.12 -0.04324510421605178 0.005245773739663116 0.9906003830236586 0.9999999999998652 0 65741 1590.98440545809 
0.121 -0.04222976525857504 0.00605170217965876 0.9906116904533243 0.9999999999998388 0 66254 1604.360623781676 
0.122 -0.04119844732799742 0.006797691061269988 0.9906245498670446 0.9999999999998436 0 66764 1617.740740740741 
0.123 -0.04015470225606729 0.007483463735945285 0.9906388410678565 0.9999999999998402 0 67278 1631.120857699805 
0.124 -0.03910207097542491 0.00810898966742624 0.990654443552059 0.9999999999999182 0 67801 1644.504873294347 
0.125 -0.03804406438724174 0.008674481629075201 0.9906712369985197 0.9999999999998861 0 68311 1657.900584795322 
0.126 -0.03698414459684801 0.009180391265371846 0.9906891017517252 0.9999999999998906 0 68831 1671.296296296296 
0.127 -0.03592570667111361 0.009627403061731139 0.9907079192932456 0.9999999999998828 0 69350 1684.699805068226 
0.128 -0.03487206106652201 0.0100164267826685 0.990727572700363 0.9999999999998945 0 69860 1698.107212475634 
0.129 -0.03382641686894957 0.01034858845365334 0.9907479470877575 0.9999999999999576 0 70370 1711.512670565302 
0.13 -0.03279186597758235 0.01062521997594648 0.9907689300297909 1.000000000000006 0 70881 1724.92007797271 
0.131 -0.03177136835518456 0.01084784747639345 0.9907904119608695 0.9999999999999578 0 71403 1738.329434697856 
0.132 -0.03076773845491208 0.01101817850665495 0.9908122865514947 0.9999999999999241 0 71913 1751.74269005848 
0.133 -0.02978363292130334 0.01113808821581119 0.9908344510571391 0.9999999999998929 0 72429 1765.153996101365 
0.134 -0.0288215396486572 0.01120960462982172 0.9908568066389718 0.9999999999998639 0 72939 1778.576998050682 
0.135 -0.02788376826571672 0.01123489317794706 0.990879258654228 0.9999999999998084 0 73459 1791.996101364522 
0.136 -0.02697244209996721 0.01121624061204804 0.990901716915204 0.999999999999858 0 73980 1805.426900584795 
0.137 -0.02608949165905378 0.01115603846788593 0.9909240959150074 0.9999999999998818 0 74496 1818.859649122807 
0.138 -0.02523664965087501 0.01105676621964515 0.9909463150208276 0.9999999999999903 0 75006 1832.288499025341 
0.139 -0.02441544754808737 0.01092097427887385 0.9909682986321909 0.9999999999999122 0 75527 1845.719298245614 
