0 0 0 1 1  0 0 0 
0.001 -1.21728062644134e-07 -0.001998413105622904 0.9999980007941872 1.000000000000015 0 3280 58.20382165605096 
0.002 -1.909184212429534e-06 -0.003987408117555031 0.9999920126376299 1.00000000000006 0 3763 74.56900212314225 
0.003 -9.352079940820979e-06 -0.005958062800476064 0.9999820634091566 1.000000000000093 0 4233 91.07855626326963 
0.004 -2.824347711245916e-05 -0.007902358041121611 0.9999681979857408 1.000000000000123 0 4709 107.6475583864119 
0.005 -6.511182290143019e-05 -0.009813438003118813 0.9999504761489683 1.000000000000137 0 5199 124.2377919320595 
0.006 -0.0001260984530481794 -0.01168570946229087 0.999928970133578 1.000000000000165 0 5702 140.8938428874735 
0.007 -0.0002160310253350982 -0.01351480543093138 0.9999037621192195 1.000000000000078 0 6230 157.5966029723992 
0.008 -0.0003378827262114194 -0.01529745684920143 0.9998749418952132 1.000000000000035 0 6795 174.3949044585987 
0.009000000000000001 -0.0004927039410387153 -0.01703131399338157 0.999842604837222 0.9999999999999818 0 7360 191.3184713375796 
0.01 -0.0006799956186458069 -0.01871474639255914 0.9998068502671235 0.9999999999999996 0 7883 208.3630573248408 
0.011 -0.0008983911823458199 -0.0203466385943424 0.9997677802188302 0.999999999999967 0 8455 225.4522292993631 
0.012 -0.001146450113117286 -0.02192619526202109 0.9997254986063369 0.9999999999999961 0 8973 242.6730360934183 
0.013 -0.001423353986293517 -0.02345277102361022 0.9996801107587417 0.9999999999999735 0 9470 259.900212314225 
0.014 -0.00172933449395002 -0.02492574218145164 0.9996317232573593 0.9999999999999916 0 9961 277.1188959660297 
0.015 -0.002065740512881114 -0.0263444341509908 0.9995804439746432 1.000000000000001 0 10458 294.3163481953291 
0.016 -0.002434746897373495 -0.0277081100431281 0.9995263821976446 1 0 10939 311.5498938428875 
0.017 -0.002838797577818808 -0.02901601521259668 0.999469648716381 0.9999999999999779 0 11440 328.7813163481953 
0.018 -0.00327993836455242 -0.03026746321791897 0.9994103557787718 1.000000000000001 0 11937 346.0276008492569 
0.019 -0.003759216463672773 -0.03146194197518894 0.9993486168491915 0.9999999999999817 0 12447 363.3333333333333 
0.02 -0.00427630035322661 -0.03259921495600521 0.999284546155833 0.9999999999999802 0 12967 380.6433121019109 
0.021 -0.004829412694644725 -0.03367939139699919 0.9992182580619076 0.9999999999999504 0 13463 397.9617834394904 
0.022 -0.005415586892596802 -0.03470294322804809 0.9991498663471228 0.9999999999999879 0 13953 415.2887473460722 
0.023 -0.006031176158280903 -0.03567065650928693 0.999079483519358 0.9999999999999843 0 14439 432.6220806794055 
0.024 -0.006672483135891437 -0.0365835211902035 0.9990072202880153 0.9999999999999825 0 14934 449.9469214437368 
0.025 -0.007336352855185264 -0.03744258111499048 0.9989331853021179 0.9999999999999862 0 15415 467.2866242038216 
0.026 -0.008020586813679179 -0.03824878016747586 0.99885748519911 0.9999999999999614 0 15895 484.6454352441614 
0.027 -0.008724085754879091 -0.03900284463241797 0.9987802249316436 0.9999999999999236 0 16365 502 
0.028 -0.009446699227113451 -0.03970523407930826 0.9987015082652621 0.9999999999999953 0 16847 519.3163481953291 
0.029 -0.01018883299506428 -0.04035617559816692 0.9986214382911558 0.9999999999999815 0 17328 536.6157112526539 
0.03 -0.010950922920965 -0.04095577440241788 0.998540117792112 0.9999999999999575 0 17819 553.9044585987261 
0.031 -0.01173291264373916 -0.04150417377791277 0.9984576493310769 0.9999999999998921 0 18297 571.1528662420383 
0.032 -0.01253386628596796 -0.04200172402828587 0.9983741350041565 0.9999999999999577 0 18780 588.3736730360935 
0.033 -0.01335180913199514 -0.04244911642497585 0.9982896758827692 0.9999999999999591 0 19261 605.6008492569002 
0.034 -0.01418382921976322 -0.04284744522977686 0.998204371255985 0.9999999999999295 0 19731 622.828025477707 
0.035 -0.01502640673012845 -0.04319817762158653 0.9981183178384904 0.9999999999998792 0 20202 640.0254777070064 
0.036 -0.01587588274996224 -0.0435030345347413 0.9980316091307091 0.9999999999998535 0 20683 657.1825902335456 
0.037 -0.0167289479514939 -0.04376380945872776 0.9979443350854253 0.9999999999998496 0 21183 674.3312101910828 
0.038 -0.01758303173773559 -0.04398217040783121 0.9978565821622848 0.999999999999898 0 21675 691.5286624203821 
0.039 -0.01843650198312513 -0.04415949674699811 0.997768433751687 0.99999999999989 0 22161 708.7176220806795 
0.04 -0.01928863582626228 -0.04429679478466454 0.9976799708526792 0.9999999999998983 0 22633 725.9129511677282 
0.041 -0.02013937963870509 -0.04439471585949438 0.9975912728183968 0.9999999999999085 0 23112 743.0997876857749 
0.042 -0.02098896691101625 -0.04445367373933382 0.9975024179635491 0.9999999999999426 0 23583 760.28025477707 
0.043 -0.02183749445970955 -0.04447403199886771 0.9974134838601277 0.9999999999999278 0 24067 777.4777070063694 
0.044 -0.02268456321835164 -0.04445631355083311 0.9973245472277541 1.000000000000017 0 24540 794.6857749469215 
0.045 -0.02352906949852336 -0.04440137822303174 0.9972356834271248 0.9999999999999475 0 25007 811.9108280254777 
0.046 -0.02436919191538737 -0.04431052161359527 0.9971469656721069 0.9999999999999719 0 25473 829.1337579617834 
0.047 -0.02520256895120923 -0.04418546768769963 0.9970584641460825 0.9999999999999768 0 25943 846.3545647558386 
0.048 -0.02602661526527881 -0.04402825422180962 0.9969702452437398 0.9999999999999274 0 26418 863.5859872611464 
0.049 -0.02683889297881841 -0.04384103780594034 0.9968823711287209 0.9999999999999932 0 26889 880.8195329087049 
0.05 -0.02763744458344471 -0.04362586657327613 0.9967948997220427 0.9999999999999906 0 27350 898.0552016985138 
0.051 -0.0284210080899643 -0.04338447816942873 0.9967078851305861 0.99999999999999 0 27817 915.2696390658174 
0.052 -0.02918906777363015 -0.04311817477510072 0.9966213784090002 0.999999999999961 0 28279 932.4585987261147 
0.053 -0.02994173625330827 -0.04282780748848258 0.996535428465983 0.9999999999999968 0 28737 949.6390658174098 
0.054 -0.03067950482564231 -0.04251387424146546 0.996450082885815 0.9999999999999308 0 29198 966.8131634819533 
0.055 -0.03140292911628916 -0.04217670623206626 0.9963653884602163 0.9999999999999948 0 29662 983.9511677282378 
0.056 -0.03211232954480579 -0.04181669527239634 0.9962813912957256 0.9999999999999598 0 30127 1001.074309978769 
0.057 -0.03280757865745138 -0.04143450414406794 0.9961981364752753 0.9999999999999777 0 30596 1018.193205944798 
0.058 -0.03348802269160756 -0.04103120638266652 0.996115667360389 0.9999999999999438 0 31056 1035.32059447983 
0.059 -0.0341525495341891 -0.04060831962888688 0.9960340247173497 0.999999999999946 0 31521 1052.445859872611 
0.06 -0.03479977865846903 -0.04016772336478729 0.9959532458925263 1.000000000000002 0 31990 1069.562632696391 
0.061 -0.03542831986936695 -0.03971148095442875 0.9958733642536942 0.9999999999999762 0 32457 1086.67940552017 
0.062 -0.03603703358601105 -0.03924161017970341 0.9957944090481737 1.000000000000001 0 32917 1103.783439490446 
0.063 -0.03662522867564762 -0.03875985967852389 0.9957164057229926 0.9999999999999918 0 33376 1120.87898089172 
